<?xml version="1.0" encoding="UTF-8"?>
<!-- Generated by org.testng.reporters.JUnitXMLReporter -->
<testsuite hostname="AFSWWRVH6CCS9E" ignored="0" name="Default test" tests="36" failures="0" timestamp="2020-01-28T15:03:12 CST" time="29.58" errors="0">
  <testcase name="createGameTest" time="0.331" classname="com.MGL_Task4.service.Game_Service_Test"/>
  <testcase name="deleteGameTest" time="0.004" classname="com.MGL_Task4.service.Game_Service_Test"/>
  <testcase name="getGameTest" time="0.029" classname="com.MGL_Task4.service.Game_Service_Test"/>
  <testcase name="listGamesTest" time="0.045" classname="com.MGL_Task4.service.Game_Service_Test"/>
  <testcase name="updateGameTest" time="0.004" classname="com.MGL_Task4.service.Game_Service_Test"/>
  <testcase name="createReviewTest" time="0.05" classname="com.MGL_Task4.controller.Review_Controller_Test"/>
  <testcase name="deleteReviewTest" time="0.005" classname="com.MGL_Task4.controller.Review_Controller_Test"/>
  <testcase name="fetchReviewTest" time="0.008" classname="com.MGL_Task4.controller.Review_Controller_Test"/>
  <testcase name="listReviewsTest" time="0.002" classname="com.MGL_Task4.controller.Review_Controller_Test"/>
  <testcase name="updateReviewFormTest" time="0.003" classname="com.MGL_Task4.controller.Review_Controller_Test"/>
  <testcase name="updateReviewTest" time="0.003" classname="com.MGL_Task4.controller.Review_Controller_Test"/>
  <testcase name="createReviewTest" time="0.003" classname="com.MGL_Task4.service.Review_Service_Test"/>
  <testcase name="deleteReviewTest" time="0.006" classname="com.MGL_Task4.service.Review_Service_Test"/>
  <testcase name="getReviewForUpdateTest" time="0.008" classname="com.MGL_Task4.service.Review_Service_Test"/>
  <testcase name="getReviewTest" time="0.001" classname="com.MGL_Task4.service.Review_Service_Test"/>
  <testcase name="listReviewsTest" time="0.004" classname="com.MGL_Task4.service.Review_Service_Test"/>
  <testcase name="updateReviewTest" time="0.002" classname="com.MGL_Task4.service.Review_Service_Test"/>
  <testcase name="createGameTest" time="0.004" classname="com.MGL_Task4.controller.Game_Controller_Test"/>
  <testcase name="deleteGameTest" time="0.002" classname="com.MGL_Task4.controller.Game_Controller_Test"/>
  <testcase name="listGamesTest" time="0.004" classname="com.MGL_Task4.controller.Game_Controller_Test"/>
  <testcase name="updateGameTest" time="0.002" classname="com.MGL_Task4.controller.Game_Controller_Test"/>
  <testcase name="testEndpoints" time="0.001" classname="com.MGL_Task4.controller.MGL_Endpoint_Constants_Test"/>
  <testcase name="createGameTest" time="0.008" classname="com.MGL_Task4.manager.Game_Manager_Test"/>
  <testcase name="deleteGameTest" time="0.003" classname="com.MGL_Task4.manager.Game_Manager_Test"/>
  <testcase name="getGameTest" time="0.003" classname="com.MGL_Task4.manager.Game_Manager_Test"/>
  <testcase name="listGamesTest" time="0.003" classname="com.MGL_Task4.manager.Game_Manager_Test"/>
  <testcase name="updateGameTest" time="0.002" classname="com.MGL_Task4.manager.Game_Manager_Test"/>
  <testcase name="homeEndpointTest" time="0.001" classname="com.MGL_Task4.controller.MGL_Task4_Controller_Test"/>
  <testcase name="createReviewTest" time="0.005" classname="com.MGL_Task4.manager.Review_Manager_Test"/>
  <testcase name="deleteReviewTest" time="0.005" classname="com.MGL_Task4.manager.Review_Manager_Test"/>
  <testcase name="getReviewForUpdateTest" time="0.002" classname="com.MGL_Task4.manager.Review_Manager_Test"/>
  <testcase name="getReviewTest" time="0.002" classname="com.MGL_Task4.manager.Review_Manager_Test"/>
  <testcase name="listReviewsTest" time="0.002" classname="com.MGL_Task4.manager.Review_Manager_Test"/>
  <testcase name="updateReviewTest" time="0.002" classname="com.MGL_Task4.manager.Review_Manager_Test"/>
  <testcase name="testGameCrudFunctonality" time="21.019" classname="com.MGL_Task4.selenium.SeleniumTests"/>
  <testcase name="testOpenHomeGoToGamesPageGoBackToHomePage" time="0.49" classname="com.MGL_Task4.selenium.SeleniumTests"/>
</testsuite> <!-- Default test -->
